<?xml version="1.0" encoding="UTF-8"?>
<!-- Generated by org.testng.reporters.JUnitXMLReporter -->
<testsuite hostname="KNOX" ignored="12" name="Test" tests="16" failures="0" timestamp="2020-02-09T19:21:15 EST" time="134.452" errors="0">
  <testcase name="CreateNewAccount" time="7.993" classname="com.simplilearn.tests.TestCreateAccount"/>
  <testcase name="CreateNewAccount" time="6.835" classname="com.simplilearn.tests.TestCreateAccount"/>
  <testcase name="CreateNewAccountWithPostCodeLessThan4Chars" time="4.843" classname="com.simplilearn.tests.TestCreateAccount"/>
  <testcase name="CreateNewAccountWithPostCodeLessThan4Chars" time="5.402" classname="com.simplilearn.tests.TestCreateAccount"/>
  <testcase name="CreateNewAccountWithoutCountrySpecified" time="5.434" classname="com.simplilearn.tests.TestCreateAccount"/>
  <testcase name="CreateNewAccountWithoutCountrySpecified" time="6.877" classname="com.simplilearn.tests.TestCreateAccount"/>
  <testcase name="LogOff" time="3.733" classname="com.simplilearn.tests.TestLogOff"/>
  <testcase name="Purchase3Products" time="25.714" classname="com.simplilearn.tests.TestPlaceOrder"/>
  <testcase name="SearchByManufacturer" time="2.127" classname="com.simplilearn.tests.TestSearch"/>
  <testcase name="SearchBySearchBox" time="1.185" classname="com.simplilearn.tests.TestSearch"/>
  <testcase name="ShareProductToFacebook" time="16.307" classname="com.simplilearn.tests.TestShareProduct"/>
  <testcase name="ShareProductToGooglePlus" time="10.481" classname="com.simplilearn.tests.TestShareProduct"/>
  <testcase name="ShareProductToPinterest" time="15.563" classname="com.simplilearn.tests.TestShareProduct"/>
  <testcase name="SignInWithInvalidCredentials" time="3.216" classname="com.simplilearn.tests.TestSignIn"/>
  <testcase name="SignInWithValidCredentials" time="3.631" classname="com.simplilearn.tests.TestSignIn"/>
  <testcase name="WriteReviewOnOrder" time="10.035" classname="com.simplilearn.tests.TestWriteReview"/>
  <testcase name="@AfterSuite closeBrowser" time="0.0" classname="com.simplilearn.tests.BaseTest">
    <ignored/>
  </testcase> <!-- @AfterSuite closeBrowser -->
  <testcase name="@AfterSuite closeBrowser" time="0.0" classname="com.simplilearn.tests.BaseTest">
    <ignored/>
  </testcase> <!-- @AfterSuite closeBrowser -->
  <testcase name="@AfterSuite closeBrowser" time="0.0" classname="com.simplilearn.tests.BaseTest">
    <ignored/>
  </testcase> <!-- @AfterSuite closeBrowser -->
  <testcase name="@AfterSuite closeBrowser" time="0.0" classname="com.simplilearn.tests.BaseTest">
    <ignored/>
  </testcase> <!-- @AfterSuite closeBrowser -->
  <testcase name="@AfterSuite closeBrowser" time="0.0" classname="com.simplilearn.tests.BaseTest">
    <ignored/>
  </testcase> <!-- @AfterSuite closeBrowser -->
  <testcase name="@AfterSuite closeBrowser" time="0.0" classname="com.simplilearn.tests.BaseTest">
    <ignored/>
  </testcase> <!-- @AfterSuite closeBrowser -->
  <testcase name="@BeforeSuite startUpBrowser" time="0.0" classname="com.simplilearn.tests.BaseTest">
    <ignored/>
  </testcase> <!-- @BeforeSuite startUpBrowser -->
  <testcase name="@BeforeSuite startUpBrowser" time="0.0" classname="com.simplilearn.tests.BaseTest">
    <ignored/>
  </testcase> <!-- @BeforeSuite startUpBrowser -->
  <testcase name="@BeforeSuite startUpBrowser" time="0.0" classname="com.simplilearn.tests.BaseTest">
    <ignored/>
  </testcase> <!-- @BeforeSuite startUpBrowser -->
  <testcase name="@BeforeSuite startUpBrowser" time="0.0" classname="com.simplilearn.tests.BaseTest">
    <ignored/>
  </testcase> <!-- @BeforeSuite startUpBrowser -->
  <testcase name="@BeforeSuite startUpBrowser" time="0.0" classname="com.simplilearn.tests.BaseTest">
    <ignored/>
  </testcase> <!-- @BeforeSuite startUpBrowser -->
  <testcase name="@BeforeSuite startUpBrowser" time="0.0" classname="com.simplilearn.tests.BaseTest">
    <ignored/>
  </testcase> <!-- @BeforeSuite startUpBrowser -->
</testsuite> <!-- Test -->
