<?xml version="1.0" encoding="UTF-8"?>
<!-- Generated by org.testng.reporters.JUnitXMLReporter -->
<testsuite hostname="KNOX" ignored="6" name="Test" tests="11" failures="0" timestamp="2021-01-08T21:17:18 EST" time="55.355" errors="0">
  <testcase name="CreateNewAccount" time="7.341" classname="com.simplilearn.tests.TestCreateAccount"/>
  <testcase name="CreateNewAccount" time="6.517" classname="com.simplilearn.tests.TestCreateAccount"/>
  <testcase name="CreateNewAccountWithPostCodeLessThan4Chars" time="4.998" classname="com.simplilearn.tests.TestCreateAccount"/>
  <testcase name="CreateNewAccountWithPostCodeLessThan4Chars" time="4.929" classname="com.simplilearn.tests.TestCreateAccount"/>
  <testcase name="CreateNewAccountWithoutCountrySpecified" time="5.115" classname="com.simplilearn.tests.TestCreateAccount"/>
  <testcase name="CreateNewAccountWithoutCountrySpecified" time="6.044" classname="com.simplilearn.tests.TestCreateAccount"/>
  <testcase name="LogOff" time="4.193" classname="com.simplilearn.tests.TestLogOff"/>
  <testcase name="SearchByManufacturer" time="2.105" classname="com.simplilearn.tests.TestSearch"/>
  <testcase name="SearchBySearchBox" time="1.234" classname="com.simplilearn.tests.TestSearch"/>
  <testcase name="SignInWithInvalidCredentials" time="5.526" classname="com.simplilearn.tests.TestSignIn"/>
  <testcase name="SignInWithValidCredentials" time="4.579" classname="com.simplilearn.tests.TestSignIn"/>
  <testcase name="@AfterSuite closeBrowser" time="0.0" classname="com.simplilearn.tests.BaseTest">
    <ignored/>
  </testcase> <!-- @AfterSuite closeBrowser -->
  <testcase name="@AfterSuite closeBrowser" time="0.0" classname="com.simplilearn.tests.BaseTest">
    <ignored/>
  </testcase> <!-- @AfterSuite closeBrowser -->
  <testcase name="@AfterSuite closeBrowser" time="0.0" classname="com.simplilearn.tests.BaseTest">
    <ignored/>
  </testcase> <!-- @AfterSuite closeBrowser -->
  <testcase name="@BeforeSuite startUpBrowser" time="0.0" classname="com.simplilearn.tests.BaseTest">
    <ignored/>
  </testcase> <!-- @BeforeSuite startUpBrowser -->
  <testcase name="@BeforeSuite startUpBrowser" time="0.0" classname="com.simplilearn.tests.BaseTest">
    <ignored/>
  </testcase> <!-- @BeforeSuite startUpBrowser -->
  <testcase name="@BeforeSuite startUpBrowser" time="0.0" classname="com.simplilearn.tests.BaseTest">
    <ignored/>
  </testcase> <!-- @BeforeSuite startUpBrowser -->
</testsuite> <!-- Test -->
