<?xml version="1.0" encoding="UTF-8"?>
<!-- Generated by org.testng.reporters.JUnitXMLReporter -->
<testsuite hostname="KNOX" ignored="12" name="Test" tests="16" failures="0" timestamp="2020-02-09T20:06:03 EST" time="120.724" errors="0">
  <testcase name="CreateNewAccount" time="7.711" classname="com.simplilearn.tests.TestCreateAccount"/>
  <testcase name="CreateNewAccount" time="6.155" classname="com.simplilearn.tests.TestCreateAccount"/>
  <testcase name="CreateNewAccountWithPostCodeLessThan4Chars" time="4.881" classname="com.simplilearn.tests.TestCreateAccount"/>
  <testcase name="CreateNewAccountWithPostCodeLessThan4Chars" time="4.769" classname="com.simplilearn.tests.TestCreateAccount"/>
  <testcase name="CreateNewAccountWithoutCountrySpecified" time="4.655" classname="com.simplilearn.tests.TestCreateAccount"/>
  <testcase name="CreateNewAccountWithoutCountrySpecified" time="4.666" classname="com.simplilearn.tests.TestCreateAccount"/>
  <testcase name="LogOff" time="4.884" classname="com.simplilearn.tests.TestLogOff"/>
  <testcase name="Purchase3Products" time="26.017" classname="com.simplilearn.tests.TestPlaceOrder"/>
  <testcase name="SearchByManufacturer" time="1.556" classname="com.simplilearn.tests.TestSearch"/>
  <testcase name="SearchBySearchBox" time="1.044" classname="com.simplilearn.tests.TestSearch"/>
  <testcase name="ShareProductToFacebook" time="10.608" classname="com.simplilearn.tests.TestShareProduct"/>
  <testcase name="ShareProductToGooglePlus" time="8.816" classname="com.simplilearn.tests.TestShareProduct"/>
  <testcase name="ShareProductToPinterest" time="11.842" classname="com.simplilearn.tests.TestShareProduct"/>
  <testcase name="SignInWithInvalidCredentials" time="3.221" classname="com.simplilearn.tests.TestSignIn"/>
  <testcase name="SignInWithValidCredentials" time="4.663" classname="com.simplilearn.tests.TestSignIn"/>
  <testcase name="WriteReviewOnOrder" time="11.653" classname="com.simplilearn.tests.TestWriteReview"/>
  <testcase name="@AfterSuite closeBrowser" time="0.0" classname="com.simplilearn.tests.BaseTest">
    <ignored/>
  </testcase> <!-- @AfterSuite closeBrowser -->
  <testcase name="@AfterSuite closeBrowser" time="0.0" classname="com.simplilearn.tests.BaseTest">
    <ignored/>
  </testcase> <!-- @AfterSuite closeBrowser -->
  <testcase name="@AfterSuite closeBrowser" time="0.0" classname="com.simplilearn.tests.BaseTest">
    <ignored/>
  </testcase> <!-- @AfterSuite closeBrowser -->
  <testcase name="@AfterSuite closeBrowser" time="0.0" classname="com.simplilearn.tests.BaseTest">
    <ignored/>
  </testcase> <!-- @AfterSuite closeBrowser -->
  <testcase name="@AfterSuite closeBrowser" time="0.0" classname="com.simplilearn.tests.BaseTest">
    <ignored/>
  </testcase> <!-- @AfterSuite closeBrowser -->
  <testcase name="@AfterSuite closeBrowser" time="0.0" classname="com.simplilearn.tests.BaseTest">
    <ignored/>
  </testcase> <!-- @AfterSuite closeBrowser -->
  <testcase name="@BeforeSuite startUpBrowser" time="0.0" classname="com.simplilearn.tests.BaseTest">
    <ignored/>
  </testcase> <!-- @BeforeSuite startUpBrowser -->
  <testcase name="@BeforeSuite startUpBrowser" time="0.0" classname="com.simplilearn.tests.BaseTest">
    <ignored/>
  </testcase> <!-- @BeforeSuite startUpBrowser -->
  <testcase name="@BeforeSuite startUpBrowser" time="0.0" classname="com.simplilearn.tests.BaseTest">
    <ignored/>
  </testcase> <!-- @BeforeSuite startUpBrowser -->
  <testcase name="@BeforeSuite startUpBrowser" time="0.0" classname="com.simplilearn.tests.BaseTest">
    <ignored/>
  </testcase> <!-- @BeforeSuite startUpBrowser -->
  <testcase name="@BeforeSuite startUpBrowser" time="0.0" classname="com.simplilearn.tests.BaseTest">
    <ignored/>
  </testcase> <!-- @BeforeSuite startUpBrowser -->
  <testcase name="@BeforeSuite startUpBrowser" time="0.0" classname="com.simplilearn.tests.BaseTest">
    <ignored/>
  </testcase> <!-- @BeforeSuite startUpBrowser -->
</testsuite> <!-- Test -->
