<?xml version="1.0" encoding="UTF-8"?>
<testsuite xmlns:xsi="http://www.w3.org/2001/XMLSchema-instance" xsi:noNamespaceSchemaLocation="https://maven.apache.org/surefire/maven-surefire-plugin/xsd/surefire-test-report-3.0.xsd" version="3.0" name="TestSuite" time="129.914" tests="16" errors="0" skipped="0" failures="0">
  <properties>
[...]
</properties>
  <testcase name="CreateNewAccount" classname="com.simplilearn.tests.TestCreateAccount" time="7.714"/>
  <testcase name="CreateNewAccount" classname="com.simplilearn.tests.TestCreateAccount" time="6.155"/>
  <testcase name="CreateNewAccountWithPostCodeLessThan4Chars" classname="com.simplilearn.tests.TestCreateAccount" time="4.88"/>
  <testcase name="CreateNewAccountWithPostCodeLessThan4Chars" classname="com.simplilearn.tests.TestCreateAccount" time="4.769"/>
  <testcase name="CreateNewAccountWithoutCountrySpecified" classname="com.simplilearn.tests.TestCreateAccount" time="4.656"/>
  <testcase name="CreateNewAccountWithoutCountrySpecified" classname="com.simplilearn.tests.TestCreateAccount" time="4.666"/>
  <testcase name="LogOff" classname="com.simplilearn.tests.TestLogOff" time="4.884"/>
  <testcase name="Purchase3Products" classname="com.simplilearn.tests.TestPlaceOrder" time="26.017"/>
  <testcase name="SearchByManufacturer" classname="com.simplilearn.tests.TestSearch" time="1.556"/>
  <testcase name="SearchBySearchBox" classname="com.simplilearn.tests.TestSearch" time="1.044"/>
  <testcase name="ShareProductToFacebook" classname="com.simplilearn.tests.TestShareProduct" time="10.608"/>
  <testcase name="ShareProductToGooglePlus" classname="com.simplilearn.tests.TestShareProduct" time="8.817"/>
  <testcase name="ShareProductToPinterest" classname="com.simplilearn.tests.TestShareProduct" time="11.842"/>
  <testcase name="SignInWithInvalidCredentials" classname="com.simplilearn.tests.TestSignIn" time="3.222"/>
  <testcase name="SignInWithValidCredentials" classname="com.simplilearn.tests.TestSignIn" time="4.662"/>
  <testcase name="WriteReviewOnOrder" classname="com.simplilearn.tests.TestWriteReview" time="11.653"/>
</testsuite>