<?xml version="1.0" encoding="UTF-8"?>
<testng-results skipped="0" failed="0" ignored="12" total="28" passed="16">
  <reporter-output>
  </reporter-output>
  <suite name="Suite" duration-ms="134452" started-at="2020-02-09T19:19:01 EST" finished-at="2020-02-09T19:21:15 EST">
    <groups>
    </groups>
    <test name="Test" duration-ms="134452" started-at="2020-02-09T19:19:01 EST" finished-at="2020-02-09T19:21:15 EST">
      <class name="com.simplilearn.tests.TestSearch">
        <test-method status="PASS" signature="InitializePageObjects()[pri:0, instance:com.simplilearn.tests.TestSearch@4bbfb90a]" name="InitializePageObjects" is-config="true" duration-ms="5" started-at="2020-02-09T19:19:01 EST" finished-at="2020-02-09T19:19:01 EST">
          <reporter-output>
          </reporter-output>
        </test-method> <!-- InitializePageObjects -->
        <test-method status="PASS" signature="SearchByManufacturer(java.lang.String, java.lang.String)[pri:0, instance:com.simplilearn.tests.TestSearch@4bbfb90a]" name="SearchByManufacturer" duration-ms="2127" started-at="2020-02-09T19:20:11 EST" data-provider="readSearchByManufacturerData" finished-at="2020-02-09T19:20:13 EST">
          <params>
            <param index="0">
              <value>
                <![CDATA[7 items]]>
              </value>
            </param>
            <param index="1">
              <value>
                <![CDATA[Faded Short Sleeve T-shirts]]>
              </value>
            </param>
          </params>
          <reporter-output>
          </reporter-output>
        </test-method> <!-- SearchByManufacturer -->
        <test-method status="PASS" signature="logFailures(org.testng.ITestResult)[pri:0, instance:com.simplilearn.tests.TestSearch@4bbfb90a]" name="logFailures" is-config="true" duration-ms="1" started-at="2020-02-09T19:20:13 EST" finished-at="2020-02-09T19:20:13 EST">
          <params>
            <param index="0">
              <value>
                <![CDATA[[TestResult name=SearchByManufacturer status=SUCCESS method=TestSearch.SearchByManufacturer(java.lang.String, java.lang.String)[pri:0, instance:com.simplilearn.tests.TestSearch@4bbfb90a] output={null}]]]>
              </value>
            </param>
          </params>
          <reporter-output>
          </reporter-output>
        </test-method> <!-- logFailures -->
        <test-method status="PASS" signature="runAfterMethod()[pri:0, instance:com.simplilearn.tests.TestSearch@4bbfb90a]" name="runAfterMethod" is-config="true" duration-ms="450" started-at="2020-02-09T19:20:13 EST" finished-at="2020-02-09T19:20:13 EST">
          <reporter-output>
          </reporter-output>
        </test-method> <!-- runAfterMethod -->
        <test-method status="PASS" signature="SearchBySearchBox(java.lang.String, java.lang.String)[pri:0, instance:com.simplilearn.tests.TestSearch@4bbfb90a]" name="SearchBySearchBox" duration-ms="1185" started-at="2020-02-09T19:20:14 EST" data-provider="readSearchTextData" finished-at="2020-02-09T19:20:15 EST">
          <params>
            <param index="0">
              <value>
                <![CDATA[dress]]>
              </value>
            </param>
            <param index="1">
              <value>
                <![CDATA[7 items]]>
              </value>
            </param>
          </params>
          <reporter-output>
          </reporter-output>
        </test-method> <!-- SearchBySearchBox -->
        <test-method status="PASS" signature="logFailures(org.testng.ITestResult)[pri:0, instance:com.simplilearn.tests.TestSearch@4bbfb90a]" name="logFailures" is-config="true" duration-ms="1" started-at="2020-02-09T19:20:15 EST" finished-at="2020-02-09T19:20:15 EST">
          <params>
            <param index="0">
              <value>
                <![CDATA[[TestResult name=SearchBySearchBox status=SUCCESS method=TestSearch.SearchBySearchBox(java.lang.String, java.lang.String)[pri:0, instance:com.simplilearn.tests.TestSearch@4bbfb90a] output={null}]]]>
              </value>
            </param>
          </params>
          <reporter-output>
          </reporter-output>
        </test-method> <!-- logFailures -->
        <test-method status="PASS" signature="runAfterMethod()[pri:0, instance:com.simplilearn.tests.TestSearch@4bbfb90a]" name="runAfterMethod" is-config="true" duration-ms="613" started-at="2020-02-09T19:20:15 EST" finished-at="2020-02-09T19:20:15 EST">
          <reporter-output>
          </reporter-output>
        </test-method> <!-- runAfterMethod -->
      </class> <!-- com.simplilearn.tests.TestSearch -->
      <class name="com.simplilearn.tests.TestCreateAccount">
        <test-method status="PASS" signature="startUpBrowser()[pri:0, instance:com.simplilearn.tests.TestCreateAccount@68bbe345]" name="startUpBrowser" is-config="true" duration-ms="7699" started-at="2020-02-09T19:18:53 EST" finished-at="2020-02-09T19:19:01 EST">
          <reporter-output>
          </reporter-output>
        </test-method> <!-- startUpBrowser -->
        <test-method status="PASS" signature="InitializePageObjects()[pri:0, instance:com.simplilearn.tests.TestCreateAccount@68bbe345]" name="InitializePageObjects" is-config="true" duration-ms="156" started-at="2020-02-09T19:19:01 EST" finished-at="2020-02-09T19:19:01 EST">
          <reporter-output>
          </reporter-output>
        </test-method> <!-- InitializePageObjects -->
        <test-method status="PASS" signature="CreateNewAccount(java.lang.String, java.lang.String, java.lang.String, java.lang.String, java.lang.String, java.lang.String, java.lang.String, java.lang.String, java.lang.String, java.lang.String, java.lang.String)[pri:0, instance:com.simplilearn.tests.TestCreateAccount@68bbe345]" name="CreateNewAccount" duration-ms="7993" started-at="2020-02-09T19:19:03 EST" data-provider="readValidAccountData" finished-at="2020-02-09T19:19:11 EST">
          <params>
            <param index="0">
              <value>
                <![CDATA[emailemail101@email.com]]>
              </value>
            </param>
            <param index="1">
              <value>
                <![CDATA[Mr]]>
              </value>
            </param>
            <param index="2">
              <value>
                <![CDATA[firstname]]>
              </value>
            </param>
            <param index="3">
              <value>
                <![CDATA[lastname]]>
              </value>
            </param>
            <param index="4">
              <value>
                <![CDATA[password1]]>
              </value>
            </param>
            <param index="5">
              <value>
                <![CDATA[address1]]>
              </value>
            </param>
            <param index="6">
              <value>
                <![CDATA[city1]]>
              </value>
            </param>
            <param index="7">
              <value>
                <![CDATA[Tennessee]]>
              </value>
            </param>
            <param index="8">
              <value>
                <![CDATA[11111]]>
              </value>
            </param>
            <param index="9">
              <value>
                <![CDATA[United States]]>
              </value>
            </param>
            <param index="10">
              <value>
                <![CDATA[111-111-1111]]>
              </value>
            </param>
          </params>
          <reporter-output>
          </reporter-output>
        </test-method> <!-- CreateNewAccount -->
        <test-method status="PASS" signature="logFailures(org.testng.ITestResult)[pri:0, instance:com.simplilearn.tests.TestCreateAccount@68bbe345]" name="logFailures" is-config="true" duration-ms="8" started-at="2020-02-09T19:19:11 EST" finished-at="2020-02-09T19:19:11 EST">
          <params>
            <param index="0">
              <value>
                <![CDATA[[TestResult name=CreateNewAccount status=SUCCESS method=TestCreateAccount.CreateNewAccount(java.lang.String, java.lang.String, java.lang.String, java.lang.String, java.lang.String, java.lang.String, java.lang.String, java.lang.String, java.lang.String, java.lang.String, java.lang.String)[pri:0, instance:com.simplilearn.tests.TestCreateAccount@68bbe345] output={null}]]]>
              </value>
            </param>
          </params>
          <reporter-output>
          </reporter-output>
        </test-method> <!-- logFailures -->
        <test-method status="PASS" signature="CreateNewAccount(java.lang.String, java.lang.String, java.lang.String, java.lang.String, java.lang.String, java.lang.String, java.lang.String, java.lang.String, java.lang.String, java.lang.String, java.lang.String)[pri:0, instance:com.simplilearn.tests.TestCreateAccount@68bbe345]" name="CreateNewAccount" duration-ms="6835" started-at="2020-02-09T19:19:11 EST" data-provider="readValidAccountData" finished-at="2020-02-09T19:19:18 EST">
          <params>
            <param index="0">
              <value>
                <![CDATA[emailemail102@email.com]]>
              </value>
            </param>
            <param index="1">
              <value>
                <![CDATA[Mrs]]>
              </value>
            </param>
            <param index="2">
              <value>
                <![CDATA[firstname]]>
              </value>
            </param>
            <param index="3">
              <value>
                <![CDATA[lastname]]>
              </value>
            </param>
            <param index="4">
              <value>
                <![CDATA[password2]]>
              </value>
            </param>
            <param index="5">
              <value>
                <![CDATA[address2]]>
              </value>
            </param>
            <param index="6">
              <value>
                <![CDATA[city2]]>
              </value>
            </param>
            <param index="7">
              <value>
                <![CDATA[Tennessee]]>
              </value>
            </param>
            <param index="8">
              <value>
                <![CDATA[22222]]>
              </value>
            </param>
            <param index="9">
              <value>
                <![CDATA[United States]]>
              </value>
            </param>
            <param index="10">
              <value>
                <![CDATA[222-222-2222]]>
              </value>
            </param>
          </params>
          <reporter-output>
          </reporter-output>
        </test-method> <!-- CreateNewAccount -->
        <test-method status="PASS" signature="logFailures(org.testng.ITestResult)[pri:0, instance:com.simplilearn.tests.TestCreateAccount@68bbe345]" name="logFailures" is-config="true" duration-ms="5" started-at="2020-02-09T19:19:18 EST" finished-at="2020-02-09T19:19:18 EST">
          <params>
            <param index="0">
              <value>
                <![CDATA[[TestResult name=CreateNewAccount status=SUCCESS method=TestCreateAccount.CreateNewAccount(java.lang.String, java.lang.String, java.lang.String, java.lang.String, java.lang.String, java.lang.String, java.lang.String, java.lang.String, java.lang.String, java.lang.String, java.lang.String)[pri:0, instance:com.simplilearn.tests.TestCreateAccount@68bbe345] output={null}]]]>
              </value>
            </param>
          </params>
          <reporter-output>
          </reporter-output>
        </test-method> <!-- logFailures -->
        <test-method status="PASS" signature="CreateNewAccountWithPostCodeLessThan4Chars(java.lang.String, java.lang.String, java.lang.String, java.lang.String, java.lang.String, java.lang.String, java.lang.String, java.lang.String, java.lang.String, java.lang.String, java.lang.String)[pri:0, instance:com.simplilearn.tests.TestCreateAccount@68bbe345]" name="CreateNewAccountWithPostCodeLessThan4Chars" duration-ms="4843" started-at="2020-02-09T19:19:18 EST" data-provider="readAccountDataInvalidZipCode" finished-at="2020-02-09T19:19:23 EST">
          <params>
            <param index="0">
              <value>
                <![CDATA[email1email@email.com]]>
              </value>
            </param>
            <param index="1">
              <value>
                <![CDATA[Mrs]]>
              </value>
            </param>
            <param index="2">
              <value>
                <![CDATA[firstname]]>
              </value>
            </param>
            <param index="3">
              <value>
                <![CDATA[lastname]]>
              </value>
            </param>
            <param index="4">
              <value>
                <![CDATA[password1]]>
              </value>
            </param>
            <param index="5">
              <value>
                <![CDATA[address1]]>
              </value>
            </param>
            <param index="6">
              <value>
                <![CDATA[city1]]>
              </value>
            </param>
            <param index="7">
              <value>
                <![CDATA[Tennessee]]>
              </value>
            </param>
            <param index="8">
              <value>
                <![CDATA[111]]>
              </value>
            </param>
            <param index="9">
              <value>
                <![CDATA[United States]]>
              </value>
            </param>
            <param index="10">
              <value>
                <![CDATA[111-111-1111]]>
              </value>
            </param>
          </params>
          <reporter-output>
          </reporter-output>
        </test-method> <!-- CreateNewAccountWithPostCodeLessThan4Chars -->
        <test-method status="PASS" signature="logFailures(org.testng.ITestResult)[pri:0, instance:com.simplilearn.tests.TestCreateAccount@68bbe345]" name="logFailures" is-config="true" duration-ms="2" started-at="2020-02-09T19:19:23 EST" finished-at="2020-02-09T19:19:23 EST">
          <params>
            <param index="0">
              <value>
                <![CDATA[[TestResult name=CreateNewAccountWithPostCodeLessThan4Chars status=SUCCESS method=TestCreateAccount.CreateNewAccountWithPostCodeLessThan4Chars(java.lang.String, java.lang.String, java.lang.String, java.lang.String, java.lang.String, java.lang.String, java.lang.String, java.lang.String, java.lang.String, java.lang.String, java.lang.String)[pri:0, instance:com.simplilearn.tests.TestCreateAccount@68bbe345] output={null}]]]>
              </value>
            </param>
          </params>
          <reporter-output>
          </reporter-output>
        </test-method> <!-- logFailures -->
        <test-method status="PASS" signature="CreateNewAccountWithPostCodeLessThan4Chars(java.lang.String, java.lang.String, java.lang.String, java.lang.String, java.lang.String, java.lang.String, java.lang.String, java.lang.String, java.lang.String, java.lang.String, java.lang.String)[pri:0, instance:com.simplilearn.tests.TestCreateAccount@68bbe345]" name="CreateNewAccountWithPostCodeLessThan4Chars" duration-ms="5402" started-at="2020-02-09T19:19:23 EST" data-provider="readAccountDataInvalidZipCode" finished-at="2020-02-09T19:19:28 EST">
          <params>
            <param index="0">
              <value>
                <![CDATA[email1email@email.com]]>
              </value>
            </param>
            <param index="1">
              <value>
                <![CDATA[Mrs]]>
              </value>
            </param>
            <param index="2">
              <value>
                <![CDATA[firstname]]>
              </value>
            </param>
            <param index="3">
              <value>
                <![CDATA[lastname]]>
              </value>
            </param>
            <param index="4">
              <value>
                <![CDATA[password2]]>
              </value>
            </param>
            <param index="5">
              <value>
                <![CDATA[address2]]>
              </value>
            </param>
            <param index="6">
              <value>
                <![CDATA[city2]]>
              </value>
            </param>
            <param index="7">
              <value>
                <![CDATA[Tennessee]]>
              </value>
            </param>
            <param index="8">
              <value>
                <![CDATA[222]]>
              </value>
            </param>
            <param index="9">
              <value>
                <![CDATA[United States]]>
              </value>
            </param>
            <param index="10">
              <value>
                <![CDATA[222-222-2222]]>
              </value>
            </param>
          </params>
          <reporter-output>
          </reporter-output>
        </test-method> <!-- CreateNewAccountWithPostCodeLessThan4Chars -->
        <test-method status="PASS" signature="logFailures(org.testng.ITestResult)[pri:0, instance:com.simplilearn.tests.TestCreateAccount@68bbe345]" name="logFailures" is-config="true" duration-ms="1" started-at="2020-02-09T19:19:28 EST" finished-at="2020-02-09T19:19:28 EST">
          <params>
            <param index="0">
              <value>
                <![CDATA[[TestResult name=CreateNewAccountWithPostCodeLessThan4Chars status=SUCCESS method=TestCreateAccount.CreateNewAccountWithPostCodeLessThan4Chars(java.lang.String, java.lang.String, java.lang.String, java.lang.String, java.lang.String, java.lang.String, java.lang.String, java.lang.String, java.lang.String, java.lang.String, java.lang.String)[pri:0, instance:com.simplilearn.tests.TestCreateAccount@68bbe345] output={null}]]]>
              </value>
            </param>
          </params>
          <reporter-output>
          </reporter-output>
        </test-method> <!-- logFailures -->
        <test-method status="PASS" signature="CreateNewAccountWithoutCountrySpecified(java.lang.String, java.lang.String, java.lang.String, java.lang.String, java.lang.String, java.lang.String, java.lang.String, java.lang.String, java.lang.String, java.lang.String)[pri:0, instance:com.simplilearn.tests.TestCreateAccount@68bbe345]" name="CreateNewAccountWithoutCountrySpecified" duration-ms="5434" started-at="2020-02-09T19:19:28 EST" data-provider="readAccountDataNoCountry" finished-at="2020-02-09T19:19:34 EST">
          <params>
            <param index="0">
              <value>
                <![CDATA[email1email@email.com]]>
              </value>
            </param>
            <param index="1">
              <value>
                <![CDATA[Mrs]]>
              </value>
            </param>
            <param index="2">
              <value>
                <![CDATA[firstname]]>
              </value>
            </param>
            <param index="3">
              <value>
                <![CDATA[lastname]]>
              </value>
            </param>
            <param index="4">
              <value>
                <![CDATA[password1]]>
              </value>
            </param>
            <param index="5">
              <value>
                <![CDATA[address1]]>
              </value>
            </param>
            <param index="6">
              <value>
                <![CDATA[city1]]>
              </value>
            </param>
            <param index="7">
              <value>
                <![CDATA[Tennessee]]>
              </value>
            </param>
            <param index="8">
              <value>
                <![CDATA[11111]]>
              </value>
            </param>
            <param index="9">
              <value>
                <![CDATA[111-111-1111]]>
              </value>
            </param>
          </params>
          <reporter-output>
          </reporter-output>
        </test-method> <!-- CreateNewAccountWithoutCountrySpecified -->
        <test-method status="PASS" signature="logFailures(org.testng.ITestResult)[pri:0, instance:com.simplilearn.tests.TestCreateAccount@68bbe345]" name="logFailures" is-config="true" duration-ms="1" started-at="2020-02-09T19:19:34 EST" finished-at="2020-02-09T19:19:34 EST">
          <params>
            <param index="0">
              <value>
                <![CDATA[[TestResult name=CreateNewAccountWithoutCountrySpecified status=SUCCESS method=TestCreateAccount.CreateNewAccountWithoutCountrySpecified(java.lang.String, java.lang.String, java.lang.String, java.lang.String, java.lang.String, java.lang.String, java.lang.String, java.lang.String, java.lang.String, java.lang.String)[pri:0, instance:com.simplilearn.tests.TestCreateAccount@68bbe345] output={null}]]]>
              </value>
            </param>
          </params>
          <reporter-output>
          </reporter-output>
        </test-method> <!-- logFailures -->
        <test-method status="PASS" signature="CreateNewAccountWithoutCountrySpecified(java.lang.String, java.lang.String, java.lang.String, java.lang.String, java.lang.String, java.lang.String, java.lang.String, java.lang.String, java.lang.String, java.lang.String)[pri:0, instance:com.simplilearn.tests.TestCreateAccount@68bbe345]" name="CreateNewAccountWithoutCountrySpecified" duration-ms="6877" started-at="2020-02-09T19:19:34 EST" data-provider="readAccountDataNoCountry" finished-at="2020-02-09T19:19:41 EST">
          <params>
            <param index="0">
              <value>
                <![CDATA[email1email@email.com]]>
              </value>
            </param>
            <param index="1">
              <value>
                <![CDATA[Mrs]]>
              </value>
            </param>
            <param index="2">
              <value>
                <![CDATA[firstname]]>
              </value>
            </param>
            <param index="3">
              <value>
                <![CDATA[lastname]]>
              </value>
            </param>
            <param index="4">
              <value>
                <![CDATA[password2]]>
              </value>
            </param>
            <param index="5">
              <value>
                <![CDATA[address2]]>
              </value>
            </param>
            <param index="6">
              <value>
                <![CDATA[city2]]>
              </value>
            </param>
            <param index="7">
              <value>
                <![CDATA[Tennessee]]>
              </value>
            </param>
            <param index="8">
              <value>
                <![CDATA[22222]]>
              </value>
            </param>
            <param index="9">
              <value>
                <![CDATA[222-222-2222]]>
              </value>
            </param>
          </params>
          <reporter-output>
          </reporter-output>
        </test-method> <!-- CreateNewAccountWithoutCountrySpecified -->
        <test-method status="PASS" signature="logFailures(org.testng.ITestResult)[pri:0, instance:com.simplilearn.tests.TestCreateAccount@68bbe345]" name="logFailures" is-config="true" duration-ms="2" started-at="2020-02-09T19:19:41 EST" finished-at="2020-02-09T19:19:41 EST">
          <params>
            <param index="0">
              <value>
                <![CDATA[[TestResult name=CreateNewAccountWithoutCountrySpecified status=SUCCESS method=TestCreateAccount.CreateNewAccountWithoutCountrySpecified(java.lang.String, java.lang.String, java.lang.String, java.lang.String, java.lang.String, java.lang.String, java.lang.String, java.lang.String, java.lang.String, java.lang.String)[pri:0, instance:com.simplilearn.tests.TestCreateAccount@68bbe345] output={null}]]]>
              </value>
            </param>
          </params>
          <reporter-output>
          </reporter-output>
        </test-method> <!-- logFailures -->
        <test-method status="PASS" signature="closeBrowser()[pri:0, instance:com.simplilearn.tests.TestCreateAccount@68bbe345]" name="closeBrowser" is-config="true" duration-ms="483" started-at="2020-02-09T19:21:15 EST" finished-at="2020-02-09T19:21:16 EST">
          <reporter-output>
          </reporter-output>
        </test-method> <!-- closeBrowser -->
      </class> <!-- com.simplilearn.tests.TestCreateAccount -->
      <class name="com.simplilearn.tests.TestPlaceOrder">
        <test-method status="PASS" signature="InitializePageObjects()[pri:0, instance:com.simplilearn.tests.TestPlaceOrder@7494e528]" name="InitializePageObjects" is-config="true" duration-ms="16" started-at="2020-02-09T19:19:01 EST" finished-at="2020-02-09T19:19:01 EST">
          <reporter-output>
          </reporter-output>
        </test-method> <!-- InitializePageObjects -->
        <test-method status="PASS" signature="Purchase3Products(java.lang.String, java.lang.String, java.lang.String, java.lang.String, java.lang.String, java.lang.String, java.lang.String, java.lang.String, java.lang.String, java.lang.String, java.lang.String)[pri:0, instance:com.simplilearn.tests.TestPlaceOrder@7494e528]" name="Purchase3Products" duration-ms="25714" started-at="2020-02-09T19:19:45 EST" data-provider="readOrderData" finished-at="2020-02-09T19:20:11 EST">
          <params>
            <param index="0">
              <value>
                <![CDATA[Women]]>
              </value>
            </param>
            <param index="1">
              <value>
                <![CDATA[Blouse]]>
              </value>
            </param>
            <param index="2">
              <value>
                <![CDATA[Dresses]]>
              </value>
            </param>
            <param index="3">
              <value>
                <![CDATA[Printed Summer Dress]]>
              </value>
            </param>
            <param index="4">
              <value>
                <![CDATA[T-shirts]]>
              </value>
            </param>
            <param index="5">
              <value>
                <![CDATA[Faded Short Sleeve T-shirts]]>
              </value>
            </param>
            <param index="6">
              <value>
                <![CDATA[yayiesm@gmail.com]]>
              </value>
            </param>
            <param index="7">
              <value>
                <![CDATA[password]]>
              </value>
            </param>
            <param index="8">
              <value>
                <![CDATA[Your delivery address]]>
              </value>
            </param>
            <param index="9">
              <value>
                <![CDATA[Bank-wire payment.]]>
              </value>
            </param>
            <param index="10">
              <value>
                <![CDATA[Order confirmation]]>
              </value>
            </param>
          </params>
          <reporter-output>
          </reporter-output>
        </test-method> <!-- Purchase3Products -->
        <test-method status="PASS" signature="logFailures(org.testng.ITestResult)[pri:0, instance:com.simplilearn.tests.TestPlaceOrder@7494e528]" name="logFailures" is-config="true" duration-ms="1" started-at="2020-02-09T19:20:11 EST" finished-at="2020-02-09T19:20:11 EST">
          <params>
            <param index="0">
              <value>
                <![CDATA[[TestResult name=Purchase3Products status=SUCCESS method=TestPlaceOrder.Purchase3Products(java.lang.String, java.lang.String, java.lang.String, java.lang.String, java.lang.String, java.lang.String, java.lang.String, java.lang.String, java.lang.String, java.lang.String, java.lang.String)[pri:0, instance:com.simplilearn.tests.TestPlaceOrder@7494e528] output={null}]]]>
              </value>
            </param>
          </params>
          <reporter-output>
          </reporter-output>
        </test-method> <!-- logFailures -->
      </class> <!-- com.simplilearn.tests.TestPlaceOrder -->
      <class name="com.simplilearn.tests.TestSignIn">
        <test-method status="PASS" signature="InitializePageObjects()[pri:0, instance:com.simplilearn.tests.TestSignIn@9660f4e]" name="InitializePageObjects" is-config="true" duration-ms="24" started-at="2020-02-09T19:19:01 EST" finished-at="2020-02-09T19:19:01 EST">
          <reporter-output>
          </reporter-output>
        </test-method> <!-- InitializePageObjects -->
        <test-method status="PASS" signature="SignInWithInvalidCredentials(java.lang.String, java.lang.String)[pri:0, instance:com.simplilearn.tests.TestSignIn@9660f4e]" name="SignInWithInvalidCredentials" duration-ms="3216" started-at="2020-02-09T19:20:58 EST" data-provider="readInvalidLoginData" finished-at="2020-02-09T19:21:01 EST">
          <params>
            <param index="0">
              <value>
                <![CDATA[yayiesm@gmail.com]]>
              </value>
            </param>
            <param index="1">
              <value>
                <![CDATA[password1]]>
              </value>
            </param>
          </params>
          <reporter-output>
          </reporter-output>
        </test-method> <!-- SignInWithInvalidCredentials -->
        <test-method status="PASS" signature="logFailures(org.testng.ITestResult)[pri:0, instance:com.simplilearn.tests.TestSignIn@9660f4e]" name="logFailures" is-config="true" duration-ms="1" started-at="2020-02-09T19:21:01 EST" finished-at="2020-02-09T19:21:01 EST">
          <params>
            <param index="0">
              <value>
                <![CDATA[[TestResult name=SignInWithInvalidCredentials status=SUCCESS method=TestSignIn.SignInWithInvalidCredentials(java.lang.String, java.lang.String)[pri:0, instance:com.simplilearn.tests.TestSignIn@9660f4e] output={null}]]]>
              </value>
            </param>
          </params>
          <reporter-output>
          </reporter-output>
        </test-method> <!-- logFailures -->
        <test-method status="PASS" signature="SignInWithValidCredentials(java.lang.String, java.lang.String)[pri:0, instance:com.simplilearn.tests.TestSignIn@9660f4e]" name="SignInWithValidCredentials" duration-ms="3631" started-at="2020-02-09T19:21:01 EST" data-provider="readValidLoginData" finished-at="2020-02-09T19:21:05 EST">
          <params>
            <param index="0">
              <value>
                <![CDATA[yayiesm@gmail.com]]>
              </value>
            </param>
            <param index="1">
              <value>
                <![CDATA[password]]>
              </value>
            </param>
          </params>
          <reporter-output>
          </reporter-output>
        </test-method> <!-- SignInWithValidCredentials -->
        <test-method status="PASS" signature="logFailures(org.testng.ITestResult)[pri:0, instance:com.simplilearn.tests.TestSignIn@9660f4e]" name="logFailures" is-config="true" duration-ms="2" started-at="2020-02-09T19:21:05 EST" finished-at="2020-02-09T19:21:05 EST">
          <params>
            <param index="0">
              <value>
                <![CDATA[[TestResult name=SignInWithValidCredentials status=SUCCESS method=TestSignIn.SignInWithValidCredentials(java.lang.String, java.lang.String)[pri:0, instance:com.simplilearn.tests.TestSignIn@9660f4e] output={null}]]]>
              </value>
            </param>
          </params>
          <reporter-output>
          </reporter-output>
        </test-method> <!-- logFailures -->
      </class> <!-- com.simplilearn.tests.TestSignIn -->
      <class name="com.simplilearn.tests.TestWriteReview">
        <test-method status="PASS" signature="InitializePageObjects()[pri:0, instance:com.simplilearn.tests.TestWriteReview@5a8806ef]" name="InitializePageObjects" is-config="true" duration-ms="33" started-at="2020-02-09T19:19:01 EST" finished-at="2020-02-09T19:19:01 EST">
          <reporter-output>
          </reporter-output>
        </test-method> <!-- InitializePageObjects -->
        <test-method status="PASS" signature="WriteReviewOnOrder(java.lang.String, java.lang.String, java.lang.String, java.lang.String, java.lang.String)[pri:0, instance:com.simplilearn.tests.TestWriteReview@5a8806ef]" name="WriteReviewOnOrder" duration-ms="10035" started-at="2020-02-09T19:21:05 EST" data-provider="readReviewData" finished-at="2020-02-09T19:21:15 EST">
          <params>
            <param index="0">
              <value>
                <![CDATA[yayiesm@gmail.com]]>
              </value>
            </param>
            <param index="1">
              <value>
                <![CDATA[password]]>
              </value>
            </param>
            <param index="2">
              <value>
                <![CDATA[HLUYRIZWZ]]>
              </value>
            </param>
            <param index="3">
              <value>
                <![CDATA[Faded Short Sleeve T-shirts - Color : Orange, Size : S]]>
              </value>
            </param>
            <param index="4">
              <value>
                <![CDATA[I really like this product. It is of good quality. It fits me well.]]>
              </value>
            </param>
          </params>
          <reporter-output>
          </reporter-output>
        </test-method> <!-- WriteReviewOnOrder -->
        <test-method status="PASS" signature="logFailures(org.testng.ITestResult)[pri:0, instance:com.simplilearn.tests.TestWriteReview@5a8806ef]" name="logFailures" is-config="true" duration-ms="5" started-at="2020-02-09T19:21:15 EST" finished-at="2020-02-09T19:21:15 EST">
          <params>
            <param index="0">
              <value>
                <![CDATA[[TestResult name=WriteReviewOnOrder status=SUCCESS method=TestWriteReview.WriteReviewOnOrder(java.lang.String, java.lang.String, java.lang.String, java.lang.String, java.lang.String)[pri:0, instance:com.simplilearn.tests.TestWriteReview@5a8806ef] output={null}]]]>
              </value>
            </param>
          </params>
          <reporter-output>
          </reporter-output>
        </test-method> <!-- logFailures -->
      </class> <!-- com.simplilearn.tests.TestWriteReview -->
      <class name="com.simplilearn.tests.TestLogOff">
        <test-method status="PASS" signature="InitializePageObjects()[pri:0, instance:com.simplilearn.tests.TestLogOff@30b8a058]" name="InitializePageObjects" is-config="true" duration-ms="17" started-at="2020-02-09T19:19:01 EST" finished-at="2020-02-09T19:19:01 EST">
          <reporter-output>
          </reporter-output>
        </test-method> <!-- InitializePageObjects -->
        <test-method status="PASS" signature="LogOff(java.lang.String, java.lang.String)[pri:0, instance:com.simplilearn.tests.TestLogOff@30b8a058]" name="LogOff" duration-ms="3733" started-at="2020-02-09T19:19:41 EST" data-provider="readValidLoginData" finished-at="2020-02-09T19:19:45 EST">
          <params>
            <param index="0">
              <value>
                <![CDATA[yayiesm@gmail.com]]>
              </value>
            </param>
            <param index="1">
              <value>
                <![CDATA[password]]>
              </value>
            </param>
          </params>
          <reporter-output>
          </reporter-output>
        </test-method> <!-- LogOff -->
        <test-method status="PASS" signature="logFailures(org.testng.ITestResult)[pri:0, instance:com.simplilearn.tests.TestLogOff@30b8a058]" name="logFailures" is-config="true" duration-ms="1" started-at="2020-02-09T19:19:45 EST" finished-at="2020-02-09T19:19:45 EST">
          <params>
            <param index="0">
              <value>
                <![CDATA[[TestResult name=LogOff status=SUCCESS method=TestLogOff.LogOff(java.lang.String, java.lang.String)[pri:0, instance:com.simplilearn.tests.TestLogOff@30b8a058] output={null}]]]>
              </value>
            </param>
          </params>
          <reporter-output>
          </reporter-output>
        </test-method> <!-- logFailures -->
        <test-method status="PASS" signature="runAfterMethod()[pri:0, instance:com.simplilearn.tests.TestLogOff@30b8a058]" name="runAfterMethod" is-config="true" duration-ms="378" started-at="2020-02-09T19:19:45 EST" finished-at="2020-02-09T19:19:45 EST">
          <reporter-output>
          </reporter-output>
        </test-method> <!-- runAfterMethod -->
      </class> <!-- com.simplilearn.tests.TestLogOff -->
      <class name="com.simplilearn.tests.TestShareProduct">
        <test-method status="PASS" signature="InitializePageObjects()[pri:0, instance:com.simplilearn.tests.TestShareProduct@7c29daf3]" name="InitializePageObjects" is-config="true" duration-ms="5" started-at="2020-02-09T19:19:01 EST" finished-at="2020-02-09T19:19:01 EST">
          <reporter-output>
          </reporter-output>
        </test-method> <!-- InitializePageObjects -->
        <test-method status="PASS" signature="ShareProductToFacebook(java.lang.String, java.lang.String, java.lang.String, java.lang.String)[pri:0, instance:com.simplilearn.tests.TestShareProduct@7c29daf3]" name="ShareProductToFacebook" duration-ms="16307" started-at="2020-02-09T19:20:15 EST" data-provider="readShareProductData" finished-at="2020-02-09T19:20:32 EST">
          <params>
            <param index="0">
              <value>
                <![CDATA[Women]]>
              </value>
            </param>
            <param index="1">
              <value>
                <![CDATA[Blouse]]>
              </value>
            </param>
            <param index="2">
              <value>
                <![CDATA[yayiesm@gmail.com]]>
              </value>
            </param>
            <param index="3">
              <value>
                <![CDATA[password]]>
              </value>
            </param>
          </params>
          <reporter-output>
          </reporter-output>
        </test-method> <!-- ShareProductToFacebook -->
        <test-method status="PASS" signature="logFailures(org.testng.ITestResult)[pri:0, instance:com.simplilearn.tests.TestShareProduct@7c29daf3]" name="logFailures" is-config="true" duration-ms="1" started-at="2020-02-09T19:20:32 EST" finished-at="2020-02-09T19:20:32 EST">
          <params>
            <param index="0">
              <value>
                <![CDATA[[TestResult name=ShareProductToFacebook status=SUCCESS method=TestShareProduct.ShareProductToFacebook(java.lang.String, java.lang.String, java.lang.String, java.lang.String)[pri:0, instance:com.simplilearn.tests.TestShareProduct@7c29daf3] output={null}]]]>
              </value>
            </param>
          </params>
          <reporter-output>
          </reporter-output>
        </test-method> <!-- logFailures -->
        <test-method status="PASS" signature="ShareProductToGooglePlus(java.lang.String, java.lang.String, java.lang.String, java.lang.String)[pri:0, instance:com.simplilearn.tests.TestShareProduct@7c29daf3]" name="ShareProductToGooglePlus" duration-ms="10481" started-at="2020-02-09T19:20:32 EST" data-provider="readShareProductData" finished-at="2020-02-09T19:20:42 EST">
          <params>
            <param index="0">
              <value>
                <![CDATA[Women]]>
              </value>
            </param>
            <param index="1">
              <value>
                <![CDATA[Blouse]]>
              </value>
            </param>
            <param index="2">
              <value>
                <![CDATA[yayiesm@gmail.com]]>
              </value>
            </param>
            <param index="3">
              <value>
                <![CDATA[password]]>
              </value>
            </param>
          </params>
          <reporter-output>
          </reporter-output>
        </test-method> <!-- ShareProductToGooglePlus -->
        <test-method status="PASS" signature="logFailures(org.testng.ITestResult)[pri:0, instance:com.simplilearn.tests.TestShareProduct@7c29daf3]" name="logFailures" is-config="true" duration-ms="1" started-at="2020-02-09T19:20:42 EST" finished-at="2020-02-09T19:20:42 EST">
          <params>
            <param index="0">
              <value>
                <![CDATA[[TestResult name=ShareProductToGooglePlus status=SUCCESS method=TestShareProduct.ShareProductToGooglePlus(java.lang.String, java.lang.String, java.lang.String, java.lang.String)[pri:0, instance:com.simplilearn.tests.TestShareProduct@7c29daf3] output={null}]]]>
              </value>
            </param>
          </params>
          <reporter-output>
          </reporter-output>
        </test-method> <!-- logFailures -->
        <test-method status="PASS" signature="ShareProductToPinterest(java.lang.String, java.lang.String, java.lang.String, java.lang.String)[pri:0, instance:com.simplilearn.tests.TestShareProduct@7c29daf3]" name="ShareProductToPinterest" duration-ms="15563" started-at="2020-02-09T19:20:42 EST" data-provider="readShareProductData" finished-at="2020-02-09T19:20:58 EST">
          <params>
            <param index="0">
              <value>
                <![CDATA[Women]]>
              </value>
            </param>
            <param index="1">
              <value>
                <![CDATA[Blouse]]>
              </value>
            </param>
            <param index="2">
              <value>
                <![CDATA[yayiesm@gmail.com]]>
              </value>
            </param>
            <param index="3">
              <value>
                <![CDATA[password]]>
              </value>
            </param>
          </params>
          <reporter-output>
          </reporter-output>
        </test-method> <!-- ShareProductToPinterest -->
        <test-method status="PASS" signature="logFailures(org.testng.ITestResult)[pri:0, instance:com.simplilearn.tests.TestShareProduct@7c29daf3]" name="logFailures" is-config="true" duration-ms="1" started-at="2020-02-09T19:20:58 EST" finished-at="2020-02-09T19:20:58 EST">
          <params>
            <param index="0">
              <value>
                <![CDATA[[TestResult name=ShareProductToPinterest status=SUCCESS method=TestShareProduct.ShareProductToPinterest(java.lang.String, java.lang.String, java.lang.String, java.lang.String)[pri:0, instance:com.simplilearn.tests.TestShareProduct@7c29daf3] output={null}]]]>
              </value>
            </param>
          </params>
          <reporter-output>
          </reporter-output>
        </test-method> <!-- logFailures -->
      </class> <!-- com.simplilearn.tests.TestShareProduct -->
    </test> <!-- Test -->
  </suite> <!-- Suite -->
</testng-results>
