<?xml version="1.0" encoding="UTF-8"?>
<testng-results skipped="0" failed="0" ignored="6" total="17" passed="11">
  <reporter-output>
  </reporter-output>
  <suite name="Suite" duration-ms="55355" started-at="2021-01-08T21:16:22 EST" finished-at="2021-01-08T21:17:18 EST">
    <groups>
    </groups>
    <test name="Test" duration-ms="55355" started-at="2021-01-08T21:16:22 EST" finished-at="2021-01-08T21:17:18 EST">
      <class name="com.simplilearn.tests.TestSearch">
        <test-method status="PASS" signature="InitializePageObjects()[pri:0, instance:com.simplilearn.tests.TestSearch@783e6358]" name="InitializePageObjects" is-config="true" duration-ms="5" started-at="2021-01-08T21:16:22 EST" finished-at="2021-01-08T21:16:22 EST">
          <reporter-output>
          </reporter-output>
        </test-method> <!-- InitializePageObjects -->
        <test-method status="PASS" signature="SearchByManufacturer(java.lang.String, java.lang.String)[pri:0, instance:com.simplilearn.tests.TestSearch@783e6358]" name="SearchByManufacturer" duration-ms="2105" started-at="2021-01-08T21:17:03 EST" data-provider="readSearchByManufacturerData" finished-at="2021-01-08T21:17:05 EST">
          <params>
            <param index="0">
              <value>
                <![CDATA[7 items]]>
              </value>
            </param>
            <param index="1">
              <value>
                <![CDATA[Faded Short Sleeve T-shirts]]>
              </value>
            </param>
          </params>
          <reporter-output>
          </reporter-output>
        </test-method> <!-- SearchByManufacturer -->
        <test-method status="PASS" signature="logFailures(org.testng.ITestResult)[pri:0, instance:com.simplilearn.tests.TestSearch@783e6358]" name="logFailures" is-config="true" duration-ms="1" started-at="2021-01-08T21:17:05 EST" finished-at="2021-01-08T21:17:05 EST">
          <params>
            <param index="0">
              <value>
                <![CDATA[[TestResult name=SearchByManufacturer status=SUCCESS method=TestSearch.SearchByManufacturer(java.lang.String, java.lang.String)[pri:0, instance:com.simplilearn.tests.TestSearch@783e6358] output={null}]]]>
              </value>
            </param>
          </params>
          <reporter-output>
          </reporter-output>
        </test-method> <!-- logFailures -->
        <test-method status="PASS" signature="runAfterMethod()[pri:0, instance:com.simplilearn.tests.TestSearch@783e6358]" name="runAfterMethod" is-config="true" duration-ms="411" started-at="2021-01-08T21:17:05 EST" finished-at="2021-01-08T21:17:06 EST">
          <reporter-output>
          </reporter-output>
        </test-method> <!-- runAfterMethod -->
        <test-method status="PASS" signature="SearchBySearchBox(java.lang.String, java.lang.String)[pri:0, instance:com.simplilearn.tests.TestSearch@783e6358]" name="SearchBySearchBox" duration-ms="1234" started-at="2021-01-08T21:17:06 EST" data-provider="readSearchTextData" finished-at="2021-01-08T21:17:07 EST">
          <params>
            <param index="0">
              <value>
                <![CDATA[dress]]>
              </value>
            </param>
            <param index="1">
              <value>
                <![CDATA[7 items]]>
              </value>
            </param>
          </params>
          <reporter-output>
          </reporter-output>
        </test-method> <!-- SearchBySearchBox -->
        <test-method status="PASS" signature="logFailures(org.testng.ITestResult)[pri:0, instance:com.simplilearn.tests.TestSearch@783e6358]" name="logFailures" is-config="true" duration-ms="0" started-at="2021-01-08T21:17:07 EST" finished-at="2021-01-08T21:17:07 EST">
          <params>
            <param index="0">
              <value>
                <![CDATA[[TestResult name=SearchBySearchBox status=SUCCESS method=TestSearch.SearchBySearchBox(java.lang.String, java.lang.String)[pri:0, instance:com.simplilearn.tests.TestSearch@783e6358] output={null}]]]>
              </value>
            </param>
          </params>
          <reporter-output>
          </reporter-output>
        </test-method> <!-- logFailures -->
        <test-method status="PASS" signature="runAfterMethod()[pri:0, instance:com.simplilearn.tests.TestSearch@783e6358]" name="runAfterMethod" is-config="true" duration-ms="362" started-at="2021-01-08T21:17:07 EST" finished-at="2021-01-08T21:17:07 EST">
          <reporter-output>
          </reporter-output>
        </test-method> <!-- runAfterMethod -->
      </class> <!-- com.simplilearn.tests.TestSearch -->
      <class name="com.simplilearn.tests.TestCreateAccount">
        <test-method status="PASS" signature="startUpBrowser(java.lang.String, java.lang.String)[pri:0, instance:com.simplilearn.tests.TestCreateAccount@13fee20c]" name="startUpBrowser" is-config="true" duration-ms="9502" started-at="2021-01-08T21:16:13 EST" finished-at="2021-01-08T21:16:22 EST">
          <params>
            <param index="0">
              <value>
                <![CDATA[webdriver.chrome.driver]]>
              </value>
            </param>
            <param index="1">
              <value>
                <![CDATA[./drivers/chromedriver.exe]]>
              </value>
            </param>
          </params>
          <reporter-output>
          </reporter-output>
        </test-method> <!-- startUpBrowser -->
        <test-method status="PASS" signature="InitializePageObjects()[pri:0, instance:com.simplilearn.tests.TestCreateAccount@13fee20c]" name="InitializePageObjects" is-config="true" duration-ms="78" started-at="2021-01-08T21:16:22 EST" finished-at="2021-01-08T21:16:22 EST">
          <reporter-output>
          </reporter-output>
        </test-method> <!-- InitializePageObjects -->
        <test-method status="PASS" signature="CreateNewAccount(java.lang.String, java.lang.String, java.lang.String, java.lang.String, java.lang.String, java.lang.String, java.lang.String, java.lang.String, java.lang.String, java.lang.String, java.lang.String)[pri:0, instance:com.simplilearn.tests.TestCreateAccount@13fee20c]" name="CreateNewAccount" duration-ms="7341" started-at="2021-01-08T21:16:23 EST" data-provider="readValidAccountData" finished-at="2021-01-08T21:16:31 EST">
          <params>
            <param index="0">
              <value>
                <![CDATA[emailemail400@email.com]]>
              </value>
            </param>
            <param index="1">
              <value>
                <![CDATA[Mr]]>
              </value>
            </param>
            <param index="2">
              <value>
                <![CDATA[firstname]]>
              </value>
            </param>
            <param index="3">
              <value>
                <![CDATA[lastname]]>
              </value>
            </param>
            <param index="4">
              <value>
                <![CDATA[password1]]>
              </value>
            </param>
            <param index="5">
              <value>
                <![CDATA[address1]]>
              </value>
            </param>
            <param index="6">
              <value>
                <![CDATA[city1]]>
              </value>
            </param>
            <param index="7">
              <value>
                <![CDATA[Tennessee]]>
              </value>
            </param>
            <param index="8">
              <value>
                <![CDATA[11111]]>
              </value>
            </param>
            <param index="9">
              <value>
                <![CDATA[United States]]>
              </value>
            </param>
            <param index="10">
              <value>
                <![CDATA[111-111-1111]]>
              </value>
            </param>
          </params>
          <reporter-output>
          </reporter-output>
        </test-method> <!-- CreateNewAccount -->
        <test-method status="PASS" signature="logFailures(org.testng.ITestResult)[pri:0, instance:com.simplilearn.tests.TestCreateAccount@13fee20c]" name="logFailures" is-config="true" duration-ms="13" started-at="2021-01-08T21:16:31 EST" finished-at="2021-01-08T21:16:31 EST">
          <params>
            <param index="0">
              <value>
                <![CDATA[[TestResult name=CreateNewAccount status=SUCCESS method=TestCreateAccount.CreateNewAccount(java.lang.String, java.lang.String, java.lang.String, java.lang.String, java.lang.String, java.lang.String, java.lang.String, java.lang.String, java.lang.String, java.lang.String, java.lang.String)[pri:0, instance:com.simplilearn.tests.TestCreateAccount@13fee20c] output={null}]]]>
              </value>
            </param>
          </params>
          <reporter-output>
          </reporter-output>
        </test-method> <!-- logFailures -->
        <test-method status="PASS" signature="CreateNewAccount(java.lang.String, java.lang.String, java.lang.String, java.lang.String, java.lang.String, java.lang.String, java.lang.String, java.lang.String, java.lang.String, java.lang.String, java.lang.String)[pri:0, instance:com.simplilearn.tests.TestCreateAccount@13fee20c]" name="CreateNewAccount" duration-ms="6517" started-at="2021-01-08T21:16:31 EST" data-provider="readValidAccountData" finished-at="2021-01-08T21:16:37 EST">
          <params>
            <param index="0">
              <value>
                <![CDATA[emailemail401@email.com]]>
              </value>
            </param>
            <param index="1">
              <value>
                <![CDATA[Mrs]]>
              </value>
            </param>
            <param index="2">
              <value>
                <![CDATA[firstname]]>
              </value>
            </param>
            <param index="3">
              <value>
                <![CDATA[lastname]]>
              </value>
            </param>
            <param index="4">
              <value>
                <![CDATA[password2]]>
              </value>
            </param>
            <param index="5">
              <value>
                <![CDATA[address2]]>
              </value>
            </param>
            <param index="6">
              <value>
                <![CDATA[city2]]>
              </value>
            </param>
            <param index="7">
              <value>
                <![CDATA[Tennessee]]>
              </value>
            </param>
            <param index="8">
              <value>
                <![CDATA[22222]]>
              </value>
            </param>
            <param index="9">
              <value>
                <![CDATA[United States]]>
              </value>
            </param>
            <param index="10">
              <value>
                <![CDATA[222-222-2222]]>
              </value>
            </param>
          </params>
          <reporter-output>
          </reporter-output>
        </test-method> <!-- CreateNewAccount -->
        <test-method status="PASS" signature="logFailures(org.testng.ITestResult)[pri:0, instance:com.simplilearn.tests.TestCreateAccount@13fee20c]" name="logFailures" is-config="true" duration-ms="1" started-at="2021-01-08T21:16:37 EST" finished-at="2021-01-08T21:16:37 EST">
          <params>
            <param index="0">
              <value>
                <![CDATA[[TestResult name=CreateNewAccount status=SUCCESS method=TestCreateAccount.CreateNewAccount(java.lang.String, java.lang.String, java.lang.String, java.lang.String, java.lang.String, java.lang.String, java.lang.String, java.lang.String, java.lang.String, java.lang.String, java.lang.String)[pri:0, instance:com.simplilearn.tests.TestCreateAccount@13fee20c] output={null}]]]>
              </value>
            </param>
          </params>
          <reporter-output>
          </reporter-output>
        </test-method> <!-- logFailures -->
        <test-method status="PASS" signature="CreateNewAccountWithPostCodeLessThan4Chars(java.lang.String, java.lang.String, java.lang.String, java.lang.String, java.lang.String, java.lang.String, java.lang.String, java.lang.String, java.lang.String, java.lang.String, java.lang.String)[pri:0, instance:com.simplilearn.tests.TestCreateAccount@13fee20c]" name="CreateNewAccountWithPostCodeLessThan4Chars" duration-ms="4998" started-at="2021-01-08T21:16:37 EST" data-provider="readAccountDataInvalidZipCode" finished-at="2021-01-08T21:16:42 EST">
          <params>
            <param index="0">
              <value>
                <![CDATA[email1email@email.com]]>
              </value>
            </param>
            <param index="1">
              <value>
                <![CDATA[Mrs]]>
              </value>
            </param>
            <param index="2">
              <value>
                <![CDATA[firstname]]>
              </value>
            </param>
            <param index="3">
              <value>
                <![CDATA[lastname]]>
              </value>
            </param>
            <param index="4">
              <value>
                <![CDATA[password1]]>
              </value>
            </param>
            <param index="5">
              <value>
                <![CDATA[address1]]>
              </value>
            </param>
            <param index="6">
              <value>
                <![CDATA[city1]]>
              </value>
            </param>
            <param index="7">
              <value>
                <![CDATA[Tennessee]]>
              </value>
            </param>
            <param index="8">
              <value>
                <![CDATA[111]]>
              </value>
            </param>
            <param index="9">
              <value>
                <![CDATA[United States]]>
              </value>
            </param>
            <param index="10">
              <value>
                <![CDATA[111-111-1111]]>
              </value>
            </param>
          </params>
          <reporter-output>
          </reporter-output>
        </test-method> <!-- CreateNewAccountWithPostCodeLessThan4Chars -->
        <test-method status="PASS" signature="logFailures(org.testng.ITestResult)[pri:0, instance:com.simplilearn.tests.TestCreateAccount@13fee20c]" name="logFailures" is-config="true" duration-ms="1" started-at="2021-01-08T21:16:42 EST" finished-at="2021-01-08T21:16:42 EST">
          <params>
            <param index="0">
              <value>
                <![CDATA[[TestResult name=CreateNewAccountWithPostCodeLessThan4Chars status=SUCCESS method=TestCreateAccount.CreateNewAccountWithPostCodeLessThan4Chars(java.lang.String, java.lang.String, java.lang.String, java.lang.String, java.lang.String, java.lang.String, java.lang.String, java.lang.String, java.lang.String, java.lang.String, java.lang.String)[pri:0, instance:com.simplilearn.tests.TestCreateAccount@13fee20c] output={null}]]]>
              </value>
            </param>
          </params>
          <reporter-output>
          </reporter-output>
        </test-method> <!-- logFailures -->
        <test-method status="PASS" signature="CreateNewAccountWithPostCodeLessThan4Chars(java.lang.String, java.lang.String, java.lang.String, java.lang.String, java.lang.String, java.lang.String, java.lang.String, java.lang.String, java.lang.String, java.lang.String, java.lang.String)[pri:0, instance:com.simplilearn.tests.TestCreateAccount@13fee20c]" name="CreateNewAccountWithPostCodeLessThan4Chars" duration-ms="4929" started-at="2021-01-08T21:16:42 EST" data-provider="readAccountDataInvalidZipCode" finished-at="2021-01-08T21:16:47 EST">
          <params>
            <param index="0">
              <value>
                <![CDATA[email1email@email.com]]>
              </value>
            </param>
            <param index="1">
              <value>
                <![CDATA[Mrs]]>
              </value>
            </param>
            <param index="2">
              <value>
                <![CDATA[firstname]]>
              </value>
            </param>
            <param index="3">
              <value>
                <![CDATA[lastname]]>
              </value>
            </param>
            <param index="4">
              <value>
                <![CDATA[password2]]>
              </value>
            </param>
            <param index="5">
              <value>
                <![CDATA[address2]]>
              </value>
            </param>
            <param index="6">
              <value>
                <![CDATA[city2]]>
              </value>
            </param>
            <param index="7">
              <value>
                <![CDATA[Tennessee]]>
              </value>
            </param>
            <param index="8">
              <value>
                <![CDATA[222]]>
              </value>
            </param>
            <param index="9">
              <value>
                <![CDATA[United States]]>
              </value>
            </param>
            <param index="10">
              <value>
                <![CDATA[222-222-2222]]>
              </value>
            </param>
          </params>
          <reporter-output>
          </reporter-output>
        </test-method> <!-- CreateNewAccountWithPostCodeLessThan4Chars -->
        <test-method status="PASS" signature="logFailures(org.testng.ITestResult)[pri:0, instance:com.simplilearn.tests.TestCreateAccount@13fee20c]" name="logFailures" is-config="true" duration-ms="1" started-at="2021-01-08T21:16:47 EST" finished-at="2021-01-08T21:16:47 EST">
          <params>
            <param index="0">
              <value>
                <![CDATA[[TestResult name=CreateNewAccountWithPostCodeLessThan4Chars status=SUCCESS method=TestCreateAccount.CreateNewAccountWithPostCodeLessThan4Chars(java.lang.String, java.lang.String, java.lang.String, java.lang.String, java.lang.String, java.lang.String, java.lang.String, java.lang.String, java.lang.String, java.lang.String, java.lang.String)[pri:0, instance:com.simplilearn.tests.TestCreateAccount@13fee20c] output={null}]]]>
              </value>
            </param>
          </params>
          <reporter-output>
          </reporter-output>
        </test-method> <!-- logFailures -->
        <test-method status="PASS" signature="CreateNewAccountWithoutCountrySpecified(java.lang.String, java.lang.String, java.lang.String, java.lang.String, java.lang.String, java.lang.String, java.lang.String, java.lang.String, java.lang.String, java.lang.String)[pri:0, instance:com.simplilearn.tests.TestCreateAccount@13fee20c]" name="CreateNewAccountWithoutCountrySpecified" duration-ms="5115" started-at="2021-01-08T21:16:47 EST" data-provider="readAccountDataNoCountry" finished-at="2021-01-08T21:16:52 EST">
          <params>
            <param index="0">
              <value>
                <![CDATA[email1email@email.com]]>
              </value>
            </param>
            <param index="1">
              <value>
                <![CDATA[Mrs]]>
              </value>
            </param>
            <param index="2">
              <value>
                <![CDATA[firstname]]>
              </value>
            </param>
            <param index="3">
              <value>
                <![CDATA[lastname]]>
              </value>
            </param>
            <param index="4">
              <value>
                <![CDATA[password1]]>
              </value>
            </param>
            <param index="5">
              <value>
                <![CDATA[address1]]>
              </value>
            </param>
            <param index="6">
              <value>
                <![CDATA[city1]]>
              </value>
            </param>
            <param index="7">
              <value>
                <![CDATA[Tennessee]]>
              </value>
            </param>
            <param index="8">
              <value>
                <![CDATA[11111]]>
              </value>
            </param>
            <param index="9">
              <value>
                <![CDATA[111-111-1111]]>
              </value>
            </param>
          </params>
          <reporter-output>
          </reporter-output>
        </test-method> <!-- CreateNewAccountWithoutCountrySpecified -->
        <test-method status="PASS" signature="logFailures(org.testng.ITestResult)[pri:0, instance:com.simplilearn.tests.TestCreateAccount@13fee20c]" name="logFailures" is-config="true" duration-ms="1" started-at="2021-01-08T21:16:52 EST" finished-at="2021-01-08T21:16:52 EST">
          <params>
            <param index="0">
              <value>
                <![CDATA[[TestResult name=CreateNewAccountWithoutCountrySpecified status=SUCCESS method=TestCreateAccount.CreateNewAccountWithoutCountrySpecified(java.lang.String, java.lang.String, java.lang.String, java.lang.String, java.lang.String, java.lang.String, java.lang.String, java.lang.String, java.lang.String, java.lang.String)[pri:0, instance:com.simplilearn.tests.TestCreateAccount@13fee20c] output={null}]]]>
              </value>
            </param>
          </params>
          <reporter-output>
          </reporter-output>
        </test-method> <!-- logFailures -->
        <test-method status="PASS" signature="CreateNewAccountWithoutCountrySpecified(java.lang.String, java.lang.String, java.lang.String, java.lang.String, java.lang.String, java.lang.String, java.lang.String, java.lang.String, java.lang.String, java.lang.String)[pri:0, instance:com.simplilearn.tests.TestCreateAccount@13fee20c]" name="CreateNewAccountWithoutCountrySpecified" duration-ms="6044" started-at="2021-01-08T21:16:52 EST" data-provider="readAccountDataNoCountry" finished-at="2021-01-08T21:16:58 EST">
          <params>
            <param index="0">
              <value>
                <![CDATA[email1email@email.com]]>
              </value>
            </param>
            <param index="1">
              <value>
                <![CDATA[Mrs]]>
              </value>
            </param>
            <param index="2">
              <value>
                <![CDATA[firstname]]>
              </value>
            </param>
            <param index="3">
              <value>
                <![CDATA[lastname]]>
              </value>
            </param>
            <param index="4">
              <value>
                <![CDATA[password2]]>
              </value>
            </param>
            <param index="5">
              <value>
                <![CDATA[address2]]>
              </value>
            </param>
            <param index="6">
              <value>
                <![CDATA[city2]]>
              </value>
            </param>
            <param index="7">
              <value>
                <![CDATA[Tennessee]]>
              </value>
            </param>
            <param index="8">
              <value>
                <![CDATA[22222]]>
              </value>
            </param>
            <param index="9">
              <value>
                <![CDATA[222-222-2222]]>
              </value>
            </param>
          </params>
          <reporter-output>
          </reporter-output>
        </test-method> <!-- CreateNewAccountWithoutCountrySpecified -->
        <test-method status="PASS" signature="logFailures(org.testng.ITestResult)[pri:0, instance:com.simplilearn.tests.TestCreateAccount@13fee20c]" name="logFailures" is-config="true" duration-ms="1" started-at="2021-01-08T21:16:58 EST" finished-at="2021-01-08T21:16:58 EST">
          <params>
            <param index="0">
              <value>
                <![CDATA[[TestResult name=CreateNewAccountWithoutCountrySpecified status=SUCCESS method=TestCreateAccount.CreateNewAccountWithoutCountrySpecified(java.lang.String, java.lang.String, java.lang.String, java.lang.String, java.lang.String, java.lang.String, java.lang.String, java.lang.String, java.lang.String, java.lang.String)[pri:0, instance:com.simplilearn.tests.TestCreateAccount@13fee20c] output={null}]]]>
              </value>
            </param>
          </params>
          <reporter-output>
          </reporter-output>
        </test-method> <!-- logFailures -->
        <test-method status="PASS" signature="closeBrowser()[pri:0, instance:com.simplilearn.tests.TestCreateAccount@13fee20c]" name="closeBrowser" is-config="true" duration-ms="107" started-at="2021-01-08T21:17:18 EST" finished-at="2021-01-08T21:17:18 EST">
          <reporter-output>
          </reporter-output>
        </test-method> <!-- closeBrowser -->
      </class> <!-- com.simplilearn.tests.TestCreateAccount -->
      <class name="com.simplilearn.tests.TestSignIn">
        <test-method status="PASS" signature="InitializePageObjects()[pri:0, instance:com.simplilearn.tests.TestSignIn@17550481]" name="InitializePageObjects" is-config="true" duration-ms="18" started-at="2021-01-08T21:16:22 EST" finished-at="2021-01-08T21:16:22 EST">
          <reporter-output>
          </reporter-output>
        </test-method> <!-- InitializePageObjects -->
        <test-method status="PASS" signature="SignInWithInvalidCredentials(java.lang.String, java.lang.String)[pri:0, instance:com.simplilearn.tests.TestSignIn@17550481]" name="SignInWithInvalidCredentials" duration-ms="5526" started-at="2021-01-08T21:17:07 EST" data-provider="readInvalidLoginData" finished-at="2021-01-08T21:17:13 EST">
          <params>
            <param index="0">
              <value>
                <![CDATA[yayiesm@gmail.com]]>
              </value>
            </param>
            <param index="1">
              <value>
                <![CDATA[password1]]>
              </value>
            </param>
          </params>
          <reporter-output>
          </reporter-output>
        </test-method> <!-- SignInWithInvalidCredentials -->
        <test-method status="PASS" signature="logFailures(org.testng.ITestResult)[pri:0, instance:com.simplilearn.tests.TestSignIn@17550481]" name="logFailures" is-config="true" duration-ms="1" started-at="2021-01-08T21:17:13 EST" finished-at="2021-01-08T21:17:13 EST">
          <params>
            <param index="0">
              <value>
                <![CDATA[[TestResult name=SignInWithInvalidCredentials status=SUCCESS method=TestSignIn.SignInWithInvalidCredentials(java.lang.String, java.lang.String)[pri:0, instance:com.simplilearn.tests.TestSignIn@17550481] output={null}]]]>
              </value>
            </param>
          </params>
          <reporter-output>
          </reporter-output>
        </test-method> <!-- logFailures -->
        <test-method status="PASS" signature="SignInWithValidCredentials(java.lang.String, java.lang.String)[pri:0, instance:com.simplilearn.tests.TestSignIn@17550481]" name="SignInWithValidCredentials" duration-ms="4579" started-at="2021-01-08T21:17:13 EST" data-provider="readValidLoginData" finished-at="2021-01-08T21:17:18 EST">
          <params>
            <param index="0">
              <value>
                <![CDATA[yayiesm@gmail.com]]>
              </value>
            </param>
            <param index="1">
              <value>
                <![CDATA[password]]>
              </value>
            </param>
          </params>
          <reporter-output>
          </reporter-output>
        </test-method> <!-- SignInWithValidCredentials -->
        <test-method status="PASS" signature="logFailures(org.testng.ITestResult)[pri:0, instance:com.simplilearn.tests.TestSignIn@17550481]" name="logFailures" is-config="true" duration-ms="2" started-at="2021-01-08T21:17:18 EST" finished-at="2021-01-08T21:17:18 EST">
          <params>
            <param index="0">
              <value>
                <![CDATA[[TestResult name=SignInWithValidCredentials status=SUCCESS method=TestSignIn.SignInWithValidCredentials(java.lang.String, java.lang.String)[pri:0, instance:com.simplilearn.tests.TestSignIn@17550481] output={null}]]]>
              </value>
            </param>
          </params>
          <reporter-output>
          </reporter-output>
        </test-method> <!-- logFailures -->
      </class> <!-- com.simplilearn.tests.TestSignIn -->
      <class name="com.simplilearn.tests.TestLogOff">
        <test-method status="PASS" signature="InitializePageObjects()[pri:0, instance:com.simplilearn.tests.TestLogOff@4e04a765]" name="InitializePageObjects" is-config="true" duration-ms="4" started-at="2021-01-08T21:16:22 EST" finished-at="2021-01-08T21:16:22 EST">
          <reporter-output>
          </reporter-output>
        </test-method> <!-- InitializePageObjects -->
        <test-method status="PASS" signature="LogOff(java.lang.String, java.lang.String)[pri:0, instance:com.simplilearn.tests.TestLogOff@4e04a765]" name="LogOff" duration-ms="4193" started-at="2021-01-08T21:16:59 EST" data-provider="readValidLoginData" finished-at="2021-01-08T21:17:03 EST">
          <params>
            <param index="0">
              <value>
                <![CDATA[yayiesm@gmail.com]]>
              </value>
            </param>
            <param index="1">
              <value>
                <![CDATA[password]]>
              </value>
            </param>
          </params>
          <reporter-output>
          </reporter-output>
        </test-method> <!-- LogOff -->
        <test-method status="PASS" signature="logFailures(org.testng.ITestResult)[pri:0, instance:com.simplilearn.tests.TestLogOff@4e04a765]" name="logFailures" is-config="true" duration-ms="1" started-at="2021-01-08T21:17:03 EST" finished-at="2021-01-08T21:17:03 EST">
          <params>
            <param index="0">
              <value>
                <![CDATA[[TestResult name=LogOff status=SUCCESS method=TestLogOff.LogOff(java.lang.String, java.lang.String)[pri:0, instance:com.simplilearn.tests.TestLogOff@4e04a765] output={null}]]]>
              </value>
            </param>
          </params>
          <reporter-output>
          </reporter-output>
        </test-method> <!-- logFailures -->
        <test-method status="PASS" signature="runAfterMethod()[pri:0, instance:com.simplilearn.tests.TestLogOff@4e04a765]" name="runAfterMethod" is-config="true" duration-ms="342" started-at="2021-01-08T21:17:03 EST" finished-at="2021-01-08T21:17:03 EST">
          <reporter-output>
          </reporter-output>
        </test-method> <!-- runAfterMethod -->
      </class> <!-- com.simplilearn.tests.TestLogOff -->
    </test> <!-- Test -->
  </suite> <!-- Suite -->
</testng-results>
